# JRE version: Java(TM) SE Runtime Environment 18.9 (11.0.8+10) (build 11.0.8+10-LTS)
# Java VM: Java HotSpot(TM) 64-Bit Server VM 18.9 (11.0.8+10-LTS, mixed mode, tiered, compressed oops, g1 gc, windows-amd64)
Heap:
 garbage-first heap   total 228352K, used 64512K [0x0000000080000000, 0x0000000100000000)
  region size 1024K, 45 young (46080K), 15 survivors (15360K)
 Metaspace       used 46703K, capacity 47726K, committed 47824K, reserved 1091584K
  class space    used 4799K, capacity 5223K, committed 5248K, reserved 1048576K
GC Heap History (10 events):
Event: 4.579 GC heap before
{Heap before GC invocations=7 (full 0):
 garbage-first heap   total 157696K, used 52241K [0x0000000080000000, 0x0000000100000000)
  region size 1024K, 49 young (50176K), 6 survivors (6144K)
 Metaspace       used 21344K, capacity 21781K, committed 22064K, reserved 1069056K
  class space    used 2242K, capacity 2389K, committed 2432K, reserved 1048576K
}
Event: 4.617 GC heap after
{Heap after GC invocations=8 (full 0):
 garbage-first heap   total 157696K, used 14632K [0x0000000080000000, 0x0000000100000000)
  region size 1024K, 7 young (7168K), 7 survivors (7168K)
 Metaspace       used 21344K, capacity 21781K, committed 22064K, reserved 1069056K
  class space    used 2242K, capacity 2389K, committed 2432K, reserved 1048576K
}
Event: 6.470 GC heap before
{Heap before GC invocations=8 (full 0):
 garbage-first heap   total 157696K, used 68904K [0x0000000080000000, 0x0000000100000000)
  region size 1024K, 56 young (57344K), 7 survivors (7168K)
 Metaspace       used 23015K, capacity 23446K, committed 23728K, reserved 1071104K
  class space    used 2363K, capacity 2539K, committed 2560K, reserved 1048576K
}
Event: 6.502 GC heap after
{Heap after GC invocations=9 (full 0):
 garbage-first heap   total 157696K, used 21504K [0x0000000080000000, 0x0000000100000000)
  region size 1024K, 6 young (6144K), 6 survivors (6144K)
 Metaspace       used 23015K, capacity 23446K, committed 23728K, reserved 1071104K
  class space    used 2363K, capacity 2539K, committed 2560K, reserved 1048576K
}
Event: 8.643 GC heap before
{Heap before GC invocations=9 (full 0):
 garbage-first heap   total 157696K, used 78848K [0x0000000080000000, 0x0000000100000000)
  region size 1024K, 63 young (64512K), 6 survivors (6144K)
 Metaspace       used 31075K, capacity 31713K, committed 31920K, reserved 1077248K
  class space    used 3041K, capacity 3274K, committed 3328K, reserved 1048576K
}
Event: 8.667 GC heap after
{Heap after GC invocations=10 (full 0):
 garbage-first heap   total 228352K, used 23552K [0x0000000080000000, 0x0000000100000000)
  region size 1024K, 3 young (3072K), 3 survivors (3072K)
 Metaspace       used 31075K, capacity 31713K, committed 31920K, reserved 1077248K
  class space    used 3041K, capacity 3274K, committed 3328K, reserved 1048576K
}
Event: 11.017 GC heap before
{Heap before GC invocations=10 (full 0):
 garbage-first heap   total 228352K, used 97280K [0x0000000080000000, 0x0000000100000000)
  region size 1024K, 76 young (77824K), 3 survivors (3072K)
 Metaspace       used 35097K, capacity 35827K, committed 35920K, reserved 1081344K
  class space    used 3508K, capacity 3774K, committed 3840K, reserved 1048576K
}
Event: 11.037 GC heap after
{Heap after GC invocations=11 (full 0):
 garbage-first heap   total 228352K, used 28031K [0x0000000080000000, 0x0000000100000000)
  region size 1024K, 7 young (7168K), 7 survivors (7168K)
 Metaspace       used 35097K, capacity 35827K, committed 35920K, reserved 1081344K
  class space    used 3508K, capacity 3774K, committed 3840K, reserved 1048576K
}
Event: 15.687 GC heap before
{Heap before GC invocations=12 (full 0):
 garbage-first heap   total 228352K, used 144767K [0x0000000080000000, 0x0000000100000000)
  region size 1024K, 120 young (122880K), 7 survivors (7168K)
 Metaspace       used 45854K, capacity 46816K, committed 46928K, reserved 1091584K
  class space    used 4716K, capacity 5111K, committed 5120K, reserved 1048576K
}
Event: 15.719 GC heap after
{Heap after GC invocations=13 (full 0):
 garbage-first heap   total 228352K, used 35840K [0x0000000080000000, 0x0000000100000000)
  region size 1024K, 15 young (15360K), 15 survivors (15360K)
 Metaspace       used 45854K, capacity 46816K, committed 46928K, reserved 1091584K
  class space    used 4716K, capacity 5111K, committed 5120K, reserved 1048576K
}

